=== RUN   TestSimpleDone
--- PASS: TestSimpleDone (0.26s)
=== RUN   TestSimpleWaitDone
--- PASS: TestSimpleWaitDone (3.01s)
=== RUN   TestAddRequests
--- PASS: TestAddRequests (20.25s)
=== RUN   TestSimpleAddRequest
--- PASS: TestSimpleAddRequest (1.01s)
=== RUN   TestSimpleContainsRequest
--- PASS: TestSimpleContainsRequest (6.25s)
=== RUN   TestAddWithContainsRequest
--- PASS: TestAddWithContainsRequest (12.27s)
=== RUN   TestSimpleFeedRequest
--- PASS: TestSimpleFeedRequest (0.29s)
=== RUN   TestSimpleAddAndFeedRequest
--- PASS: TestSimpleAddAndFeedRequest (0.27s)
=== RUN   TestSimpleRemoveRequest
--- PASS: TestSimpleRemoveRequest (6.29s)
=== RUN   TestAllRequestsXtraSmall
--- PASS: TestAllRequestsXtraSmall (0.29s)
=== RUN   TestAllRequestsSmall
--- PASS: TestAllRequestsSmall (0.28s)
=== RUN   TestAllRequestsMedium
--- PASS: TestAllRequestsMedium (1.44s)
=== RUN   TestAllRequestsLarge
--- PASS: TestAllRequestsLarge (5.60s)
=== RUN   TestAllRequestsXtraLarge
--- PASS: TestAllRequestsXtraLarge (66.46s)
PASS
ok  	proj2/twitter	123.987s
