=== RUN   TestSimpleDone
--- PASS: TestSimpleDone (0.34s)
=== RUN   TestSimpleWaitDone
--- PASS: TestSimpleWaitDone (3.01s)
=== RUN   TestAddRequests
--- PASS: TestAddRequests (20.26s)
=== RUN   TestSimpleAddRequest
--- PASS: TestSimpleAddRequest (1.01s)
=== RUN   TestSimpleContainsRequest
--- PASS: TestSimpleContainsRequest (6.26s)
=== RUN   TestAddWithContainsRequest
--- PASS: TestAddWithContainsRequest (12.35s)
=== RUN   TestSimpleFeedRequest
--- PASS: TestSimpleFeedRequest (0.24s)
=== RUN   TestSimpleAddAndFeedRequest
--- PASS: TestSimpleAddAndFeedRequest (0.26s)
=== RUN   TestSimpleRemoveRequest
--- PASS: TestSimpleRemoveRequest (6.25s)
=== RUN   TestAllRequestsXtraSmall
--- PASS: TestAllRequestsXtraSmall (0.27s)
=== RUN   TestAllRequestsSmall
--- PASS: TestAllRequestsSmall (0.29s)
=== RUN   TestAllRequestsMedium
--- PASS: TestAllRequestsMedium (1.35s)
=== RUN   TestAllRequestsLarge
--- PASS: TestAllRequestsLarge (5.12s)
=== RUN   TestAllRequestsXtraLarge
--- PASS: TestAllRequestsXtraLarge (54.49s)
PASS
ok  	proj2/twitter	111.539s
