=== RUN   TestSimpleDone
--- PASS: TestSimpleDone (0.26s)
=== RUN   TestSimpleWaitDone
--- PASS: TestSimpleWaitDone (3.01s)
=== RUN   TestAddRequests
--- PASS: TestAddRequests (20.28s)
=== RUN   TestSimpleAddRequest
--- PASS: TestSimpleAddRequest (1.01s)
=== RUN   TestSimpleContainsRequest
--- PASS: TestSimpleContainsRequest (6.25s)
=== RUN   TestAddWithContainsRequest
--- PASS: TestAddWithContainsRequest (12.26s)
=== RUN   TestSimpleFeedRequest
--- PASS: TestSimpleFeedRequest (0.25s)
=== RUN   TestSimpleAddAndFeedRequest
--- PASS: TestSimpleAddAndFeedRequest (0.27s)
=== RUN   TestSimpleRemoveRequest
--- PASS: TestSimpleRemoveRequest (6.26s)
=== RUN   TestAllRequestsXtraSmall
--- PASS: TestAllRequestsXtraSmall (0.27s)
=== RUN   TestAllRequestsSmall
--- PASS: TestAllRequestsSmall (0.27s)
=== RUN   TestAllRequestsMedium
--- PASS: TestAllRequestsMedium (1.44s)
=== RUN   TestAllRequestsLarge
--- PASS: TestAllRequestsLarge (5.39s)
=== RUN   TestAllRequestsXtraLarge
--- PASS: TestAllRequestsXtraLarge (65.59s)
PASS
ok  	proj2/twitter	122.825s
