=== RUN   TestSimpleDone
--- PASS: TestSimpleDone (0.26s)
=== RUN   TestSimpleWaitDone
--- PASS: TestSimpleWaitDone (3.01s)
=== RUN   TestAddRequests
--- PASS: TestAddRequests (20.43s)
=== RUN   TestSimpleAddRequest
--- PASS: TestSimpleAddRequest (1.01s)
=== RUN   TestSimpleContainsRequest
--- PASS: TestSimpleContainsRequest (6.27s)
=== RUN   TestAddWithContainsRequest
--- PASS: TestAddWithContainsRequest (12.25s)
=== RUN   TestSimpleFeedRequest
--- PASS: TestSimpleFeedRequest (0.31s)
=== RUN   TestSimpleAddAndFeedRequest
--- PASS: TestSimpleAddAndFeedRequest (0.27s)
=== RUN   TestSimpleRemoveRequest
--- PASS: TestSimpleRemoveRequest (6.32s)
=== RUN   TestAllRequestsXtraSmall
--- PASS: TestAllRequestsXtraSmall (0.28s)
=== RUN   TestAllRequestsSmall
--- PASS: TestAllRequestsSmall (0.29s)
=== RUN   TestAllRequestsMedium
--- PASS: TestAllRequestsMedium (1.50s)
=== RUN   TestAllRequestsLarge
--- PASS: TestAllRequestsLarge (5.65s)
=== RUN   TestAllRequestsXtraLarge
--- PASS: TestAllRequestsXtraLarge (65.95s)
PASS
ok  	proj2/twitter	123.847s
